

================================================================
== Vitis HLS Report for 'conv_2d_cl_array_ap_fixed_4u_array_ap_fixed_16_6_5_3_0_8u_config5_s'
================================================================
* Date:           Tue Mar  3 13:37:08 2026

* Version:        2023.1 (Build 3854077 on May  4 2023)
* Project:        myproject_prj
* Solution:       solution1 (Vivado IP Flow Target)
* Product family: artix7
* Target device:  xc7a200t-fbg676-2


================================================================
== Performance Estimates
================================================================
+ Timing: 
    * Summary: 
    +--------+----------+----------+------------+
    |  Clock |  Target  | Estimated| Uncertainty|
    +--------+----------+----------+------------+
    |ap_clk  |  10.00 ns|  8.404 ns|     1.25 ns|
    +--------+----------+----------+------------+

+ Latency: 
    * Summary: 
    +---------+---------+----------+----------+-----+-----+---------+
    |  Latency (cycles) |  Latency (absolute) |  Interval | Pipeline|
    |   min   |   max   |    min   |    max   | min | max |   Type  |
    +---------+---------+----------+----------+-----+-----+---------+
    |      145|      541|  1.450 us|  5.410 us|  145|  541|       no|
    +---------+---------+----------+----------+-----+-----+---------+

    + Detail: 
        * Instance: 
        +----------------------------------------------------------------------------------+-----------------------------------------------------------------------+---------+---------+-----------+----------+-----+-----+---------+
        |                                                                                  |                                                                       |  Latency (cycles) |  Latency (absolute)  |  Interval | Pipeline|
        |                                     Instance                                     |                                 Module                                |   min   |   max   |    min    |    max   | min | max |   Type  |
        +----------------------------------------------------------------------------------+-----------------------------------------------------------------------+---------+---------+-----------+----------+-----+-----+---------+
        |grp_compute_output_buffer_2d_array_array_ap_fixed_16_6_5_3_0_8u_config5_s_fu_158  |compute_output_buffer_2d_array_array_ap_fixed_16_6_5_3_0_8u_config5_s  |        2|       13|  20.000 ns|  0.130 us|    2|   13|       no|
        +----------------------------------------------------------------------------------+-----------------------------------------------------------------------+---------+---------+-----------+----------+-----+-----+---------+

        * Loop: 
        +----------------------------------+---------+---------+----------+-----------+-----------+------+----------+
        |                                  |  Latency (cycles) | Iteration|  Initiation Interval  | Trip |          |
        |             Loop Name            |   min   |   max   |  Latency |  achieved |   target  | Count| Pipelined|
        +----------------------------------+---------+---------+----------+-----------+-----------+------+----------+
        |- ReadInputHeight_ReadInputWidth  |      144|      540|    4 ~ 15|          -|          -|    36|        no|
        +----------------------------------+---------+---------+----------+-----------+-----------+------+----------+



================================================================
== Utilization Estimates
================================================================
* Summary: 
+-----------------+---------+-----+--------+--------+-----+
|       Name      | BRAM_18K| DSP |   FF   |   LUT  | URAM|
+-----------------+---------+-----+--------+--------+-----+
|DSP              |        -|    -|       -|       -|    -|
|Expression       |        -|    -|       0|      30|    -|
|FIFO             |        -|    -|       -|       -|    -|
|Instance         |       16|   32|    2986|    3543|    -|
|Memory           |        -|    -|       -|       -|    -|
|Multiplexer      |        -|    -|       -|      44|    -|
|Register         |        -|    -|      74|       -|    -|
+-----------------+---------+-----+--------+--------+-----+
|Total            |       16|   32|    3060|    3617|    0|
+-----------------+---------+-----+--------+--------+-----+
|Available        |      730|  740|  269200|  134600|    0|
+-----------------+---------+-----+--------+--------+-----+
|Utilization (%)  |        2|    4|       1|       2|    0|
+-----------------+---------+-----+--------+--------+-----+

+ Detail: 
    * Instance: 
    +----------------------------------------------------------------------------------+-----------------------------------------------------------------------+---------+----+------+------+-----+
    |                                     Instance                                     |                                 Module                                | BRAM_18K| DSP|  FF  |  LUT | URAM|
    +----------------------------------------------------------------------------------+-----------------------------------------------------------------------+---------+----+------+------+-----+
    |grp_compute_output_buffer_2d_array_array_ap_fixed_16_6_5_3_0_8u_config5_s_fu_158  |compute_output_buffer_2d_array_array_ap_fixed_16_6_5_3_0_8u_config5_s  |       16|  32|  2986|  3543|    0|
    +----------------------------------------------------------------------------------+-----------------------------------------------------------------------+---------+----+------+------+-----+
    |Total                                                                             |                                                                       |       16|  32|  2986|  3543|    0|
    +----------------------------------------------------------------------------------+-----------------------------------------------------------------------+---------+----+------+------+-----+

    * DSP: 
    N/A

    * Memory: 
    N/A

    * FIFO: 
    N/A

    * Expression: 
    +---------------------+----------+----+---+----+------------+------------+
    |    Variable Name    | Operation| DSP| FF| LUT| Bitwidth P0| Bitwidth P1|
    +---------------------+----------+----+---+----+------------+------------+
    |add_ln51_fu_280_p2   |         +|   0|  0|  14|           6|           1|
    |ap_block_state2      |       and|   0|  0|   2|           1|           1|
    |icmp_ln51_fu_274_p2  |      icmp|   0|  0|  14|           6|           6|
    +---------------------+----------+----+---+----+------------+------------+
    |Total                |          |   0|  0|  30|          13|           8|
    +---------------------+----------+----+---+----+------------+------------+

    * Multiplexer: 
    +-----------------------+----+-----------+-----+-----------+
    |          Name         | LUT| Input Size| Bits| Total Bits|
    +-----------------------+----+-----------+-----+-----------+
    |ap_NS_fsm              |  17|          4|    1|          4|
    |indvar_flatten_fu_148  |   9|          2|    6|         12|
    |layer14_out_blk_n      |   9|          2|    1|          2|
    |layer5_out_write       |   9|          2|    1|          2|
    +-----------------------+----+-----------+-----+-----------+
    |Total                  |  44|         10|    9|         20|
    +-----------------------+----+-----------+-----+-----------+

    * Register: 
    +-----------------------------------------------------------------------------------------------+----+----+-----+-----------+
    |                                              Name                                             | FF | LUT| Bits| Const Bits|
    +-----------------------------------------------------------------------------------------------+----+----+-----+-----------+
    |ap_CS_fsm                                                                                      |   3|   0|    3|          0|
    |grp_compute_output_buffer_2d_array_array_ap_fixed_16_6_5_3_0_8u_config5_s_fu_158_ap_start_reg  |   1|   0|    1|          0|
    |indvar_flatten_fu_148                                                                          |   6|   0|    6|          0|
    |tmp_reg_344                                                                                    |  16|   0|   16|          0|
    |trunc_ln57_2_reg_349                                                                           |  16|   0|   16|          0|
    |trunc_ln57_3_reg_354                                                                           |  16|   0|   16|          0|
    |trunc_ln57_reg_339                                                                             |  16|   0|   16|          0|
    +-----------------------------------------------------------------------------------------------+----+----+-----+-----------+
    |Total                                                                                          |  74|   0|   74|          0|
    +-----------------------------------------------------------------------------------------------+----+----+-----+-----------+



================================================================
== Interface
================================================================
* Summary: 
+---------------------+-----+-----+------------+-----------------------------------------------------------------------+--------------+
|      RTL Ports      | Dir | Bits|  Protocol  |                             Source Object                             |    C Type    |
+---------------------+-----+-----+------------+-----------------------------------------------------------------------+--------------+
|ap_clk               |   in|    1|  ap_ctrl_hs|  conv_2d_cl<array<ap_fixed,4u>,array<ap_fixed<16,6,5,3,0>,8u>,config5>|  return value|
|ap_rst               |   in|    1|  ap_ctrl_hs|  conv_2d_cl<array<ap_fixed,4u>,array<ap_fixed<16,6,5,3,0>,8u>,config5>|  return value|
|ap_start             |   in|    1|  ap_ctrl_hs|  conv_2d_cl<array<ap_fixed,4u>,array<ap_fixed<16,6,5,3,0>,8u>,config5>|  return value|
|ap_done              |  out|    1|  ap_ctrl_hs|  conv_2d_cl<array<ap_fixed,4u>,array<ap_fixed<16,6,5,3,0>,8u>,config5>|  return value|
|ap_idle              |  out|    1|  ap_ctrl_hs|  conv_2d_cl<array<ap_fixed,4u>,array<ap_fixed<16,6,5,3,0>,8u>,config5>|  return value|
|ap_ready             |  out|    1|  ap_ctrl_hs|  conv_2d_cl<array<ap_fixed,4u>,array<ap_fixed<16,6,5,3,0>,8u>,config5>|  return value|
|layer14_out_dout     |   in|   64|     ap_fifo|                                                            layer14_out|       pointer|
|layer14_out_empty_n  |   in|    1|     ap_fifo|                                                            layer14_out|       pointer|
|layer14_out_read     |  out|    1|     ap_fifo|                                                            layer14_out|       pointer|
|layer5_out_din       |  out|  128|     ap_fifo|                                                             layer5_out|       pointer|
|layer5_out_full_n    |   in|    1|     ap_fifo|                                                             layer5_out|       pointer|
|layer5_out_write     |  out|    1|     ap_fifo|                                                             layer5_out|       pointer|
+---------------------+-----+-----+------------+-----------------------------------------------------------------------+--------------+

