

================================================================
== Vitis HLS Report for 'dense_resource_ap_fixed_16_6_5_3_0_ap_fixed_16_6_5_3_0_config2_mult_s'
================================================================
* Date:           Tue Mar  3 13:37:00 2026

* Version:        2023.1 (Build 3854077 on May  4 2023)
* Project:        myproject_prj
* Solution:       solution1 (Vivado IP Flow Target)
* Product family: artix7
* Target device:  xc7a200t-fbg676-2


================================================================
== Performance Estimates
================================================================
+ Timing: 
    * Summary: 
    +--------+----------+----------+------------+
    |  Clock |  Target  | Estimated| Uncertainty|
    +--------+----------+----------+------------+
    |ap_clk  |  10.00 ns|  8.155 ns|     1.25 ns|
    +--------+----------+----------+------------+

+ Latency: 
    * Summary: 
    +---------+---------+-----------+----------+-----+-----+------------------------------------------+
    |  Latency (cycles) |  Latency (absolute)  |  Interval |                 Pipeline                 |
    |   min   |   max   |    min    |    max   | min | max |                   Type                   |
    +---------+---------+-----------+----------+-----+-----+------------------------------------------+
    |        9|       10|  90.000 ns|  0.100 us|    9|    9|  loop rewind stp(delay=0 clock cycles(s))|
    +---------+---------+-----------+----------+-----+-----+------------------------------------------+

    + Detail: 
        * Instance: 
        N/A

        * Loop: 
        +-------------+---------+---------+----------+-----------+-----------+------+----------+
        |             |  Latency (cycles) | Iteration|  Initiation Interval  | Trip |          |
        |  Loop Name  |   min   |   max   |  Latency |  achieved |   target  | Count| Pipelined|
        +-------------+---------+---------+----------+-----------+-----------+------+----------+
        |- ReuseLoop  |        9|        9|         2|          1|          1|     9|       yes|
        +-------------+---------+---------+----------+-----------+-----------+------+----------+



================================================================
== Utilization Estimates
================================================================
* Summary: 
+-----------------+---------+-----+--------+--------+-----+
|       Name      | BRAM_18K| DSP |   FF   |   LUT  | URAM|
+-----------------+---------+-----+--------+--------+-----+
|DSP              |        -|    -|       -|       -|    -|
|Expression       |        -|    -|       0|     148|    -|
|FIFO             |        -|    -|       -|       -|    -|
|Instance         |        -|    4|       0|      61|    -|
|Memory           |        0|    -|      28|       4|    -|
|Multiplexer      |        -|    -|       -|     363|    -|
|Register         |        -|    -|     277|       -|    -|
+-----------------+---------+-----+--------+--------+-----+
|Total            |        0|    4|     305|     576|    0|
+-----------------+---------+-----+--------+--------+-----+
|Available        |      730|  740|  269200|  134600|    0|
+-----------------+---------+-----+--------+--------+-----+
|Utilization (%)  |        0|   ~0|      ~0|      ~0|    0|
+-----------------+---------+-----+--------+--------+-----+

+ Detail: 
    * Instance: 
    +-----------------------+-------------------+---------+----+---+----+-----+
    |        Instance       |       Module      | BRAM_18K| DSP| FF| LUT| URAM|
    +-----------------------+-------------------+---------+----+---+----+-----+
    |mul_16s_7s_19_1_1_U17  |mul_16s_7s_19_1_1  |        0|   1|  0|   6|    0|
    |mul_16s_7s_19_1_1_U18  |mul_16s_7s_19_1_1  |        0|   1|  0|   6|    0|
    |mul_16s_7s_19_1_1_U19  |mul_16s_7s_19_1_1  |        0|   1|  0|   6|    0|
    |mul_16s_7s_19_1_1_U20  |mul_16s_7s_19_1_1  |        0|   1|  0|   6|    0|
    |mux_9_4_16_1_1_U16     |mux_9_4_16_1_1     |        0|   0|  0|  37|    0|
    +-----------------------+-------------------+---------+----+---+----+-----+
    |Total                  |                   |        0|   4|  0|  61|    0|
    +-----------------------+-------------------+---------+----+---+----+-----+

    * DSP: 
    N/A

    * Memory: 
    +-------+----------------------------------------------------------------------------------+---------+----+----+-----+------+-----+------+-------------+
    | Memory|                                      Module                                      | BRAM_18K| FF | LUT| URAM| Words| Bits| Banks| W*Bits*Banks|
    +-------+----------------------------------------------------------------------------------+---------+----+----+-----+------+-----+------+-------------+
    |w2_U   |dense_resource_ap_fixed_16_6_5_3_0_ap_fixed_16_6_5_3_0_config2_mult_s_w2_ROM_dEe  |        0|  28|   4|    0|    36|    7|     1|          252|
    +-------+----------------------------------------------------------------------------------+---------+----+----+-----+------+-----+------+-------------+
    |Total  |                                                                                  |        0|  28|   4|    0|    36|    7|     1|          252|
    +-------+----------------------------------------------------------------------------------+---------+----+----+-----+------+-----+------+-------------+

    * FIFO: 
    N/A

    * Expression: 
    +-----------------------+----------+----+---+----+------------+------------+
    |     Variable Name     | Operation| DSP| FF| LUT| Bitwidth P0| Bitwidth P1|
    +-----------------------+----------+----+---+----+------------+------------+
    |add_ln55_30_fu_540_p2  |         +|   0|  0|  13|           5|           5|
    |add_ln55_31_fu_551_p2  |         +|   0|  0|  14|           6|           5|
    |add_ln55_fu_529_p2     |         +|   0|  0|  13|           5|           4|
    |in_index_fu_562_p2     |         +|   0|  0|  13|           4|           1|
    |x_10_fu_675_p2         |         +|   0|  0|  19|          12|          12|
    |x_8_fu_623_p2          |         +|   0|  0|  19|          12|          12|
    |x_9_fu_649_p2          |         +|   0|  0|  19|          12|          12|
    |x_fu_597_p2            |         +|   0|  0|  19|          12|          12|
    |ap_condition_163       |       and|   0|  0|   2|           1|           1|
    |ap_condition_39        |       and|   0|  0|   2|           1|           1|
    |icmp_ln42_fu_568_p2    |      icmp|   0|  0|  13|           4|           5|
    |ap_enable_pp0          |       xor|   0|  0|   2|           1|           2|
    +-----------------------+----------+----+---+----+------------+------------+
    |Total                  |          |   0|  0| 148|          75|          72|
    +-----------------------+----------+----+---+----+------------+------------+

    * Multiplexer: 
    +-------------------------------------------------------------------------------------------------------+----+-----------+-----+-----------+
    |                                                  Name                                                 | LUT| Input Size| Bits| Total Bits|
    +-------------------------------------------------------------------------------------------------------+----+-----------+-----+-----------+
    |ap_NS_fsm                                                                                              |  13|          3|    1|          3|
    |ap_enable_reg_pp0_iter1                                                                                |   9|          2|    1|          2|
    |ap_phi_mux_do_init_phi_fu_131_p6                                                                       |  13|          3|    1|          3|
    |ap_phi_mux_in_index21_phi_fu_273_p6                                                                    |  13|          3|    4|         12|
    |ap_phi_mux_void_compute_output_buffer_2d_array_const_ap_shift_reg_n_chan_stream_weig_61_phi_fu_287_p4  |  13|          3|   16|         48|
    |ap_phi_mux_void_compute_output_buffer_2d_array_const_ap_shift_reg_n_chan_stream_weig_62_phi_fu_299_p4  |  13|          3|   16|         48|
    |ap_phi_mux_void_compute_output_buffer_2d_array_const_ap_shift_reg_n_chan_stream_weig_63_phi_fu_311_p4  |  13|          3|   16|         48|
    |ap_phi_mux_void_compute_output_buffer_2d_array_const_ap_shift_reg_n_chan_stream_weig_64_phi_fu_323_p4  |  13|          3|   16|         48|
    |ap_phi_mux_void_compute_output_buffer_2d_array_const_ap_shift_reg_n_chan_stream_weig_65_phi_fu_335_p4  |  13|          3|   16|         48|
    |ap_phi_mux_void_compute_output_buffer_2d_array_const_ap_shift_reg_n_chan_stream_weig_66_phi_fu_347_p4  |  13|          3|   16|         48|
    |ap_phi_mux_void_compute_output_buffer_2d_array_const_ap_shift_reg_n_chan_stream_weig_67_phi_fu_359_p4  |  13|          3|   16|         48|
    |ap_phi_mux_void_compute_output_buffer_2d_array_const_ap_shift_reg_n_chan_stream_weig_68_phi_fu_371_p4  |  13|          3|   16|         48|
    |ap_phi_mux_void_compute_output_buffer_2d_array_const_ap_shift_reg_n_chan_stream_weig_69_phi_fu_383_p4  |  13|          3|   16|         48|
    |ap_return_0                                                                                            |   9|          2|   14|         28|
    |ap_return_1                                                                                            |   9|          2|   14|         28|
    |ap_return_2                                                                                            |   9|          2|   14|         28|
    |ap_return_3                                                                                            |   9|          2|   14|         28|
    |empty_79_reg_405                                                                                       |   9|          2|   12|         24|
    |empty_80_reg_419                                                                                       |   9|          2|   12|         24|
    |empty_81_reg_433                                                                                       |   9|          2|   12|         24|
    |empty_reg_391                                                                                          |   9|          2|   12|         24|
    |in_index21_reg_269                                                                                     |   9|          2|    4|          8|
    |void_compute_output_buffer_2d_array_const_ap_shift_reg_n_chan_stream_weig_61_reg_283                   |  13|          3|   16|         48|
    |void_compute_output_buffer_2d_array_const_ap_shift_reg_n_chan_stream_weig_62_reg_295                   |  13|          3|   16|         48|
    |void_compute_output_buffer_2d_array_const_ap_shift_reg_n_chan_stream_weig_63_reg_307                   |  13|          3|   16|         48|
    |void_compute_output_buffer_2d_array_const_ap_shift_reg_n_chan_stream_weig_64_reg_319                   |  13|          3|   16|         48|
    |void_compute_output_buffer_2d_array_const_ap_shift_reg_n_chan_stream_weig_65_reg_331                   |  13|          3|   16|         48|
    |void_compute_output_buffer_2d_array_const_ap_shift_reg_n_chan_stream_weig_66_reg_343                   |  13|          3|   16|         48|
    |void_compute_output_buffer_2d_array_const_ap_shift_reg_n_chan_stream_weig_67_reg_355                   |  13|          3|   16|         48|
    |void_compute_output_buffer_2d_array_const_ap_shift_reg_n_chan_stream_weig_68_reg_367                   |  13|          3|   16|         48|
    |void_compute_output_buffer_2d_array_const_ap_shift_reg_n_chan_stream_weig_69_reg_379                   |  13|          3|   16|         48|
    +-------------------------------------------------------------------------------------------------------+----+-----------+-----+-----------+
    |Total                                                                                                  | 363|         83|  403|       1100|
    +-------------------------------------------------------------------------------------------------------+----+-----------+-----+-----------+

    * Register: 
    +--------------------------------------------------------------------------------------+----+----+-----+-----------+
    |                                         Name                                         | FF | LUT| Bits| Const Bits|
    +--------------------------------------------------------------------------------------+----+----+-----+-----------+
    |a_reg_757                                                                             |  16|   0|   16|          0|
    |ap_CS_fsm                                                                             |   2|   0|    2|          0|
    |ap_enable_reg_pp0_iter1                                                               |   1|   0|    1|          0|
    |ap_return_0_preg                                                                      |  14|   0|   16|          2|
    |ap_return_1_preg                                                                      |  14|   0|   16|          2|
    |ap_return_2_preg                                                                      |  14|   0|   16|          2|
    |ap_return_3_preg                                                                      |  14|   0|   16|          2|
    |do_init_reg_127                                                                       |   1|   0|    1|          0|
    |empty_79_reg_405                                                                      |  12|   0|   12|          0|
    |empty_80_reg_419                                                                      |  12|   0|   12|          0|
    |empty_81_reg_433                                                                      |  12|   0|   12|          0|
    |empty_reg_391                                                                         |  12|   0|   12|          0|
    |icmp_ln42_reg_787                                                                     |   1|   0|    1|          0|
    |in_index21_reg_269                                                                    |   4|   0|    4|          0|
    |in_index_reg_782                                                                      |   4|   0|    4|          0|
    |void_compute_output_buffer_2d_array_const_ap_shift_reg_n_chan_stream_weig_61_reg_283  |  16|   0|   16|          0|
    |void_compute_output_buffer_2d_array_const_ap_shift_reg_n_chan_stream_weig_62_reg_295  |  16|   0|   16|          0|
    |void_compute_output_buffer_2d_array_const_ap_shift_reg_n_chan_stream_weig_63_reg_307  |  16|   0|   16|          0|
    |void_compute_output_buffer_2d_array_const_ap_shift_reg_n_chan_stream_weig_64_reg_319  |  16|   0|   16|          0|
    |void_compute_output_buffer_2d_array_const_ap_shift_reg_n_chan_stream_weig_65_reg_331  |  16|   0|   16|          0|
    |void_compute_output_buffer_2d_array_const_ap_shift_reg_n_chan_stream_weig_66_reg_343  |  16|   0|   16|          0|
    |void_compute_output_buffer_2d_array_const_ap_shift_reg_n_chan_stream_weig_67_reg_355  |  16|   0|   16|          0|
    |void_compute_output_buffer_2d_array_const_ap_shift_reg_n_chan_stream_weig_68_reg_367  |  16|   0|   16|          0|
    |void_compute_output_buffer_2d_array_const_ap_shift_reg_n_chan_stream_weig_69_reg_379  |  16|   0|   16|          0|
    +--------------------------------------------------------------------------------------+----+----+-----+-----------+
    |Total                                                                                 | 277|   0|  285|          8|
    +--------------------------------------------------------------------------------------+----+----+-----+-----------+



================================================================
== Interface
================================================================
* Summary: 
+------------------------------------------------------------------------------+-----+-----+------------+----------------------------------------------------------------------------------+--------------+
|                                   RTL Ports                                  | Dir | Bits|  Protocol  |                                   Source Object                                  |    C Type    |
+------------------------------------------------------------------------------+-----+-----+------------+----------------------------------------------------------------------------------+--------------+
|ap_clk                                                                        |   in|    1|  ap_ctrl_hs|  dense_resource<ap_fixed<16, 6, 5, 3, 0>, ap_fixed<16, 6, 5, 3, 0>, config2_mult>|  return value|
|ap_rst                                                                        |   in|    1|  ap_ctrl_hs|  dense_resource<ap_fixed<16, 6, 5, 3, 0>, ap_fixed<16, 6, 5, 3, 0>, config2_mult>|  return value|
|ap_start                                                                      |   in|    1|  ap_ctrl_hs|  dense_resource<ap_fixed<16, 6, 5, 3, 0>, ap_fixed<16, 6, 5, 3, 0>, config2_mult>|  return value|
|ap_done                                                                       |  out|    1|  ap_ctrl_hs|  dense_resource<ap_fixed<16, 6, 5, 3, 0>, ap_fixed<16, 6, 5, 3, 0>, config2_mult>|  return value|
|ap_idle                                                                       |  out|    1|  ap_ctrl_hs|  dense_resource<ap_fixed<16, 6, 5, 3, 0>, ap_fixed<16, 6, 5, 3, 0>, config2_mult>|  return value|
|ap_ready                                                                      |  out|    1|  ap_ctrl_hs|  dense_resource<ap_fixed<16, 6, 5, 3, 0>, ap_fixed<16, 6, 5, 3, 0>, config2_mult>|  return value|
|ap_return_0                                                                   |  out|   16|  ap_ctrl_hs|  dense_resource<ap_fixed<16, 6, 5, 3, 0>, ap_fixed<16, 6, 5, 3, 0>, config2_mult>|  return value|
|ap_return_1                                                                   |  out|   16|  ap_ctrl_hs|  dense_resource<ap_fixed<16, 6, 5, 3, 0>, ap_fixed<16, 6, 5, 3, 0>, config2_mult>|  return value|
|ap_return_2                                                                   |  out|   16|  ap_ctrl_hs|  dense_resource<ap_fixed<16, 6, 5, 3, 0>, ap_fixed<16, 6, 5, 3, 0>, config2_mult>|  return value|
|ap_return_3                                                                   |  out|   16|  ap_ctrl_hs|  dense_resource<ap_fixed<16, 6, 5, 3, 0>, ap_fixed<16, 6, 5, 3, 0>, config2_mult>|  return value|
|void_compute_output_buffer_2d_array_const_ap_shift_reg_n_chan_stream_weig_18  |   in|   16|     ap_none|      void_compute_output_buffer_2d_array_const_ap_shift_reg_n_chan_stream_weig_18|       pointer|
|void_compute_output_buffer_2d_array_const_ap_shift_reg_n_chan_stream_weig_17  |   in|   16|     ap_none|      void_compute_output_buffer_2d_array_const_ap_shift_reg_n_chan_stream_weig_17|       pointer|
|void_compute_output_buffer_2d_array_const_ap_shift_reg_n_chan_stream_weig_16  |   in|   16|     ap_none|      void_compute_output_buffer_2d_array_const_ap_shift_reg_n_chan_stream_weig_16|       pointer|
|void_compute_output_buffer_2d_array_const_ap_shift_reg_n_chan_stream_weig_15  |   in|   16|     ap_none|      void_compute_output_buffer_2d_array_const_ap_shift_reg_n_chan_stream_weig_15|       pointer|
|void_compute_output_buffer_2d_array_const_ap_shift_reg_n_chan_stream_weig_14  |   in|   16|     ap_none|      void_compute_output_buffer_2d_array_const_ap_shift_reg_n_chan_stream_weig_14|       pointer|
|void_compute_output_buffer_2d_array_const_ap_shift_reg_n_chan_stream_weig_13  |   in|   16|     ap_none|      void_compute_output_buffer_2d_array_const_ap_shift_reg_n_chan_stream_weig_13|       pointer|
|void_compute_output_buffer_2d_array_const_ap_shift_reg_n_chan_stream_weig_12  |   in|   16|     ap_none|      void_compute_output_buffer_2d_array_const_ap_shift_reg_n_chan_stream_weig_12|       pointer|
|void_compute_output_buffer_2d_array_const_ap_shift_reg_n_chan_stream_weig_11  |   in|   16|     ap_none|      void_compute_output_buffer_2d_array_const_ap_shift_reg_n_chan_stream_weig_11|       pointer|
|void_compute_output_buffer_2d_array_const_ap_shift_reg_n_chan_stream_weig_10  |   in|   16|     ap_none|      void_compute_output_buffer_2d_array_const_ap_shift_reg_n_chan_stream_weig_10|       pointer|
+------------------------------------------------------------------------------+-----+-----+------------+----------------------------------------------------------------------------------+--------------+

