

================================================================
== Vitis HLS Report for 'myproject_Pipeline_PadBottomWidth3'
================================================================
* Date:           Tue Mar  3 13:37:03 2026

* Version:        2023.1 (Build 3854077 on May  4 2023)
* Project:        myproject_prj
* Solution:       solution1 (Vivado IP Flow Target)
* Product family: artix7
* Target device:  xc7a200t-fbg676-2


================================================================
== Performance Estimates
================================================================
+ Timing: 
    * Summary: 
    +--------+----------+----------+------------+
    |  Clock |  Target  | Estimated| Uncertainty|
    +--------+----------+----------+------------+
    |ap_clk  |  10.00 ns|  3.366 ns|     1.25 ns|
    +--------+----------+----------+------------+

+ Latency: 
    * Summary: 
    +---------+---------+-----------+-----------+-----+-----+---------+
    |  Latency (cycles) |   Latency (absolute)  |  Interval | Pipeline|
    |   min   |   max   |    min    |    max    | min | max |   Type  |
    +---------+---------+-----------+-----------+-----+-----+---------+
    |        8|        8|  80.000 ns|  80.000 ns|    8|    8|       no|
    +---------+---------+-----------+-----------+-----+-----+---------+

    + Detail: 
        * Instance: 
        N/A

        * Loop: 
        +------------------+---------+---------+----------+-----------+-----------+------+----------+
        |                  |  Latency (cycles) | Iteration|  Initiation Interval  | Trip |          |
        |     Loop Name    |   min   |   max   |  Latency |  achieved |   target  | Count| Pipelined|
        +------------------+---------+---------+----------+-----------+-----------+------+----------+
        |- PadBottomWidth  |        6|        6|         2|          1|          1|     6|       yes|
        +------------------+---------+---------+----------+-----------+-----------+------+----------+



================================================================
== Utilization Estimates
================================================================
* Summary: 
+-----------------+---------+-----+--------+--------+-----+
|       Name      | BRAM_18K| DSP |   FF   |   LUT  | URAM|
+-----------------+---------+-----+--------+--------+-----+
|DSP              |        -|    -|       -|       -|    -|
|Expression       |        -|    -|       0|      26|    -|
|FIFO             |        -|    -|       -|       -|    -|
|Instance         |        -|    -|       -|       -|    -|
|Memory           |        -|    -|       -|       -|    -|
|Multiplexer      |        -|    -|       -|      45|    -|
|Register         |        -|    -|       6|       -|    -|
+-----------------+---------+-----+--------+--------+-----+
|Total            |        0|    0|       6|      71|    0|
+-----------------+---------+-----+--------+--------+-----+
|Available        |      730|  740|  269200|  134600|    0|
+-----------------+---------+-----+--------+--------+-----+
|Utilization (%)  |        0|    0|      ~0|      ~0|    0|
+-----------------+---------+-----+--------+--------+-----+

+ Detail: 
    * Instance: 
    N/A

    * DSP: 
    N/A

    * Memory: 
    N/A

    * FIFO: 
    N/A

    * Expression: 
    +---------------------------+----------+----+---+----+------------+------------+
    |       Variable Name       | Operation| DSP| FF| LUT| Bitwidth P0| Bitwidth P1|
    +---------------------------+----------+----+---+----+------------+------------+
    |j_6_fu_62_p2               |         +|   0|  0|  11|           3|           1|
    |ap_block_pp0_stage0_01001  |       and|   0|  0|   2|           1|           1|
    |icmp_ln77_fu_56_p2         |      icmp|   0|  0|  11|           3|           3|
    |ap_enable_pp0              |       xor|   0|  0|   2|           1|           2|
    +---------------------------+----------+----+---+----+------------+------------+
    |Total                      |          |   0|  0|  26|           8|           7|
    +---------------------------+----------+----+---+----+------------+------------+

    * Multiplexer: 
    +-------------------------+----+-----------+-----+-----------+
    |           Name          | LUT| Input Size| Bits| Total Bits|
    +-------------------------+----+-----------+-----+-----------+
    |ap_done_int              |   9|          2|    1|          2|
    |ap_enable_reg_pp0_iter1  |   9|          2|    1|          2|
    |ap_sig_allocacmp_j_5     |   9|          2|    3|          6|
    |j_fu_36                  |   9|          2|    3|          6|
    |layer14_out_blk_n        |   9|          2|    1|          2|
    +-------------------------+----+-----------+-----+-----------+
    |Total                    |  45|         10|    9|         18|
    +-------------------------+----+-----------+-----+-----------+

    * Register: 
    +-------------------------+---+----+-----+-----------+
    |           Name          | FF| LUT| Bits| Const Bits|
    +-------------------------+---+----+-----+-----------+
    |ap_CS_fsm                |  1|   0|    1|          0|
    |ap_done_reg              |  1|   0|    1|          0|
    |ap_enable_reg_pp0_iter1  |  1|   0|    1|          0|
    |j_fu_36                  |  3|   0|    3|          0|
    +-------------------------+---+----+-----+-----------+
    |Total                    |  6|   0|    6|          0|
    +-------------------------+---+----+-----+-----------+



================================================================
== Interface
================================================================
* Summary: 
+--------------------+-----+-----+------------+------------------------------------+--------------+
|      RTL Ports     | Dir | Bits|  Protocol  |            Source Object           |    C Type    |
+--------------------+-----+-----+------------+------------------------------------+--------------+
|ap_clk              |   in|    1|  ap_ctrl_hs|  myproject_Pipeline_PadBottomWidth3|  return value|
|ap_rst              |   in|    1|  ap_ctrl_hs|  myproject_Pipeline_PadBottomWidth3|  return value|
|ap_start            |   in|    1|  ap_ctrl_hs|  myproject_Pipeline_PadBottomWidth3|  return value|
|ap_done             |  out|    1|  ap_ctrl_hs|  myproject_Pipeline_PadBottomWidth3|  return value|
|ap_idle             |  out|    1|  ap_ctrl_hs|  myproject_Pipeline_PadBottomWidth3|  return value|
|ap_ready            |  out|    1|  ap_ctrl_hs|  myproject_Pipeline_PadBottomWidth3|  return value|
|layer14_out_din     |  out|   64|     ap_fifo|                         layer14_out|       pointer|
|layer14_out_full_n  |   in|    1|     ap_fifo|                         layer14_out|       pointer|
|layer14_out_write   |  out|    1|     ap_fifo|                         layer14_out|       pointer|
+--------------------+-----+-----+------------+------------------------------------+--------------+

