

================================================================
== Vitis HLS Report for 'myproject_Pipeline_PadMain2'
================================================================
* Date:           Tue Mar  3 13:37:03 2026

* Version:        2023.1 (Build 3854077 on May  4 2023)
* Project:        myproject_prj
* Solution:       solution1 (Vivado IP Flow Target)
* Product family: artix7
* Target device:  xc7a200t-fbg676-2


================================================================
== Performance Estimates
================================================================
+ Timing: 
    * Summary: 
    +--------+----------+----------+------------+
    |  Clock |  Target  | Estimated| Uncertainty|
    +--------+----------+----------+------------+
    |ap_clk  |  10.00 ns|  3.366 ns|     1.25 ns|
    +--------+----------+----------+------------+

+ Latency: 
    * Summary: 
    +---------+---------+----------+----------+-----+-----+---------+
    |  Latency (cycles) |  Latency (absolute) |  Interval | Pipeline|
    |   min   |   max   |    min   |    max   | min | max |   Type  |
    +---------+---------+----------+----------+-----+-----+---------+
    |       26|       26|  0.260 us|  0.260 us|   26|   26|       no|
    +---------+---------+----------+----------+-----+-----+---------+

    + Detail: 
        * Instance: 
        N/A

        * Loop: 
        +-----------+---------+---------+----------+-----------+-----------+------+----------+
        |           |  Latency (cycles) | Iteration|  Initiation Interval  | Trip |          |
        | Loop Name |   min   |   max   |  Latency |  achieved |   target  | Count| Pipelined|
        +-----------+---------+---------+----------+-----------+-----------+------+----------+
        |- PadMain  |       24|       24|         7|          6|          1|     4|       yes|
        +-----------+---------+---------+----------+-----------+-----------+------+----------+



================================================================
== Utilization Estimates
================================================================
* Summary: 
+-----------------+---------+-----+--------+--------+-----+
|       Name      | BRAM_18K| DSP |   FF   |   LUT  | URAM|
+-----------------+---------+-----+--------+--------+-----+
|DSP              |        -|    -|       -|       -|    -|
|Expression       |        -|    -|       0|      36|    -|
|FIFO             |        -|    -|       -|       -|    -|
|Instance         |        -|    -|       -|       -|    -|
|Memory           |        -|    -|       -|       -|    -|
|Multiplexer      |        -|    -|       -|     114|    -|
|Register         |        -|    -|      80|       -|    -|
+-----------------+---------+-----+--------+--------+-----+
|Total            |        0|    0|      80|     150|    0|
+-----------------+---------+-----+--------+--------+-----+
|Available        |      730|  740|  269200|  134600|    0|
+-----------------+---------+-----+--------+--------+-----+
|Utilization (%)  |        0|    0|      ~0|      ~0|    0|
+-----------------+---------+-----+--------+--------+-----+

+ Detail: 
    * Instance: 
    N/A

    * DSP: 
    N/A

    * Memory: 
    N/A

    * FIFO: 
    N/A

    * Expression: 
    +----------------------------------+----------+----+---+----+------------+------------+
    |           Variable Name          | Operation| DSP| FF| LUT| Bitwidth P0| Bitwidth P1|
    +----------------------------------+----------+----+---+----+------------+------------+
    |i_6_fu_77_p2                      |         +|   0|  0|  11|           3|           1|
    |ap_block_pp0_stage0_01001         |       and|   0|  0|   2|           1|           1|
    |ap_block_pp0_stage1_01001         |       and|   0|  0|   2|           1|           1|
    |ap_block_pp0_stage5_01001         |       and|   0|  0|   2|           1|           1|
    |ap_block_state6_pp0_stage5_iter0  |       and|   0|  0|   2|           1|           1|
    |icmp_ln59_fu_71_p2                |      icmp|   0|  0|  13|           3|           4|
    |ap_block_state2_pp0_stage1_iter0  |        or|   0|  0|   2|           1|           1|
    |ap_enable_pp0                     |       xor|   0|  0|   2|           1|           2|
    +----------------------------------+----------+----+---+----+------------+------------+
    |Total                             |          |   0|  0|  36|          12|          12|
    +----------------------------------+----------+----+---+----+------------+------------+

    * Multiplexer: 
    +-----------------------------+----+-----------+-----+-----------+
    |             Name            | LUT| Input Size| Bits| Total Bits|
    +-----------------------------+----+-----------+-----+-----------+
    |ap_NS_fsm                    |  29|          7|    1|          7|
    |ap_done_int                  |   9|          2|    1|          2|
    |ap_enable_reg_pp0_iter0      |   9|          2|    1|          2|
    |ap_enable_reg_pp0_iter0_reg  |   9|          2|    1|          2|
    |ap_enable_reg_pp0_iter1      |   9|          2|    1|          2|
    |ap_sig_allocacmp_i_5         |   9|          2|    3|          6|
    |i_fu_40                      |   9|          2|    3|          6|
    |layer14_out_blk_n            |   9|          2|    1|          2|
    |layer14_out_din              |  13|          3|   64|        192|
    |layer4_out_blk_n             |   9|          2|    1|          2|
    +-----------------------------+----+-----------+-----+-----------+
    |Total                        | 114|         26|   77|        223|
    +-----------------------------+----+-----------+-----+-----------+

    * Register: 
    +-----------------------------+----+----+-----+-----------+
    |             Name            | FF | LUT| Bits| Const Bits|
    +-----------------------------+----+----+-----+-----------+
    |ap_CS_fsm                    |   6|   0|    6|          0|
    |ap_done_reg                  |   1|   0|    1|          0|
    |ap_enable_reg_pp0_iter0_reg  |   1|   0|    1|          0|
    |ap_enable_reg_pp0_iter1      |   1|   0|    1|          0|
    |i_6_reg_98                   |   3|   0|    3|          0|
    |i_fu_40                      |   3|   0|    3|          0|
    |icmp_ln59_reg_94             |   1|   0|    1|          0|
    |reg_58                       |  64|   0|   64|          0|
    +-----------------------------+----+----+-----+-----------+
    |Total                        |  80|   0|   80|          0|
    +-----------------------------+----+----+-----+-----------+



================================================================
== Interface
================================================================
* Summary: 
+--------------------+-----+-----+------------+-----------------------------+--------------+
|      RTL Ports     | Dir | Bits|  Protocol  |        Source Object        |    C Type    |
+--------------------+-----+-----+------------+-----------------------------+--------------+
|ap_clk              |   in|    1|  ap_ctrl_hs|  myproject_Pipeline_PadMain2|  return value|
|ap_rst              |   in|    1|  ap_ctrl_hs|  myproject_Pipeline_PadMain2|  return value|
|ap_start            |   in|    1|  ap_ctrl_hs|  myproject_Pipeline_PadMain2|  return value|
|ap_done             |  out|    1|  ap_ctrl_hs|  myproject_Pipeline_PadMain2|  return value|
|ap_idle             |  out|    1|  ap_ctrl_hs|  myproject_Pipeline_PadMain2|  return value|
|ap_ready            |  out|    1|  ap_ctrl_hs|  myproject_Pipeline_PadMain2|  return value|
|layer14_out_din     |  out|   64|     ap_fifo|                  layer14_out|       pointer|
|layer14_out_full_n  |   in|    1|     ap_fifo|                  layer14_out|       pointer|
|layer14_out_write   |  out|    1|     ap_fifo|                  layer14_out|       pointer|
|layer4_out_dout     |   in|   64|     ap_fifo|                   layer4_out|       pointer|
|layer4_out_empty_n  |   in|    1|     ap_fifo|                   layer4_out|       pointer|
|layer4_out_read     |  out|    1|     ap_fifo|                   layer4_out|       pointer|
+--------------------+-----+-----+------------+-----------------------------+--------------+

