

================================================================
== Vitis HLS Report for 'pooling2d_cl_array_ap_fixed_8u_array_ap_fixed_16_6_5_3_0_8u_config7_s'
================================================================
* Date:           Tue Mar  3 13:37:09 2026

* Version:        2023.1 (Build 3854077 on May  4 2023)
* Project:        myproject_prj
* Solution:       solution1 (Vivado IP Flow Target)
* Product family: artix7
* Target device:  xc7a200t-fbg676-2


================================================================
== Performance Estimates
================================================================
+ Timing: 
    * Summary: 
    +--------+----------+----------+------------+
    |  Clock |  Target  | Estimated| Uncertainty|
    +--------+----------+----------+------------+
    |ap_clk  |  10.00 ns|  7.366 ns|     1.25 ns|
    +--------+----------+----------+------------+

+ Latency: 
    * Summary: 
    +---------+---------+----------+----------+-----+-----+---------+
    |  Latency (cycles) |  Latency (absolute) |  Interval | Pipeline|
    |   min   |   max   |    min   |    max   | min | max |   Type  |
    +---------+---------+----------+----------+-----+-----+---------+
    |       19|       19|  0.190 us|  0.190 us|   19|   19|       no|
    +---------+---------+----------+----------+-----+-----+---------+

    + Detail: 
        * Instance: 
        N/A

        * Loop: 
        +----------------------------------+---------+---------+----------+-----------+-----------+------+----------+
        |                                  |  Latency (cycles) | Iteration|  Initiation Interval  | Trip |          |
        |             Loop Name            |   min   |   max   |  Latency |  achieved |   target  | Count| Pipelined|
        +----------------------------------+---------+---------+----------+-----------+-----------+------+----------+
        |- ReadInputHeight_ReadInputWidth  |       17|       17|         3|          1|          1|    16|       yes|
        +----------------------------------+---------+---------+----------+-----------+-----------+------+----------+



================================================================
== Utilization Estimates
================================================================
* Summary: 
+-----------------+---------+-----+--------+--------+-----+
|       Name      | BRAM_18K| DSP |   FF   |   LUT  | URAM|
+-----------------+---------+-----+--------+--------+-----+
|DSP              |        -|    -|       -|       -|    -|
|Expression       |        -|    -|       0|    1272|    -|
|FIFO             |        -|    -|       -|       -|    -|
|Instance         |        -|    -|       -|       -|    -|
|Memory           |        -|    -|     512|     256|    -|
|Multiplexer      |        -|    -|       -|      99|    -|
|Register         |        -|    -|     594|       -|    -|
+-----------------+---------+-----+--------+--------+-----+
|Total            |        0|    0|    1106|    1627|    0|
+-----------------+---------+-----+--------+--------+-----+
|Available        |      730|  740|  269200|  134600|    0|
+-----------------+---------+-----+--------+--------+-----+
|Utilization (%)  |        0|    0|      ~0|       1|    0|
+-----------------+---------+-----+--------+--------+-----+

+ Detail: 
    * Instance: 
    N/A

    * DSP: 
    N/A

    * Memory: 
    +---------------------------------------------------------------------+----------------------------------------------------------------------------------+---------+----+----+-----+------+-----+------+-------------+
    |                                Memory                               |                                      Module                                      | BRAM_18K| FF | LUT| URAM| Words| Bits| Banks| W*Bits*Banks|
    +---------------------------------------------------------------------+----------------------------------------------------------------------------------+---------+----+----+-----+------+-----+------+-------------+
    |void_pooling2d_cl_stream_stream_array_ap_fixed_8u_0_line_buffer_7_U  |pooling2d_cl_array_ap_fixed_8u_array_ap_fixed_16_6_5_3_0_8u_config7_s_void_porcU  |        0|  64|  32|    0|     4|   16|     1|           64|
    |void_pooling2d_cl_stream_stream_array_ap_fixed_8u_0_line_buffer_6_U  |pooling2d_cl_array_ap_fixed_8u_array_ap_fixed_16_6_5_3_0_8u_config7_s_void_porcU  |        0|  64|  32|    0|     4|   16|     1|           64|
    |void_pooling2d_cl_stream_stream_array_ap_fixed_8u_0_line_buffer_5_U  |pooling2d_cl_array_ap_fixed_8u_array_ap_fixed_16_6_5_3_0_8u_config7_s_void_porcU  |        0|  64|  32|    0|     4|   16|     1|           64|
    |void_pooling2d_cl_stream_stream_array_ap_fixed_8u_0_line_buffer_4_U  |pooling2d_cl_array_ap_fixed_8u_array_ap_fixed_16_6_5_3_0_8u_config7_s_void_porcU  |        0|  64|  32|    0|     4|   16|     1|           64|
    |void_pooling2d_cl_stream_stream_array_ap_fixed_8u_0_line_buffer_3_U  |pooling2d_cl_array_ap_fixed_8u_array_ap_fixed_16_6_5_3_0_8u_config7_s_void_porcU  |        0|  64|  32|    0|     4|   16|     1|           64|
    |void_pooling2d_cl_stream_stream_array_ap_fixed_8u_0_line_buffer_2_U  |pooling2d_cl_array_ap_fixed_8u_array_ap_fixed_16_6_5_3_0_8u_config7_s_void_porcU  |        0|  64|  32|    0|     4|   16|     1|           64|
    |void_pooling2d_cl_stream_stream_array_ap_fixed_8u_0_line_buffer_1_U  |pooling2d_cl_array_ap_fixed_8u_array_ap_fixed_16_6_5_3_0_8u_config7_s_void_porcU  |        0|  64|  32|    0|     4|   16|     1|           64|
    |void_pooling2d_cl_stream_stream_array_ap_fixed_8u_0_line_buffer_U    |pooling2d_cl_array_ap_fixed_8u_array_ap_fixed_16_6_5_3_0_8u_config7_s_void_porcU  |        0|  64|  32|    0|     4|   16|     1|           64|
    +---------------------------------------------------------------------+----------------------------------------------------------------------------------+---------+----+----+-----+------+-----+------+-------------+
    |Total                                                                |                                                                                  |        0| 512| 256|    0|    32|  128|     8|          512|
    +---------------------------------------------------------------------+----------------------------------------------------------------------------------+---------+----+----+-----+------+-----+------+-------------+

    * FIFO: 
    N/A

    * Expression: 
    +----------------------------------+----------+----+---+----+------------+------------+
    |           Variable Name          | Operation| DSP| FF| LUT| Bitwidth P0| Bitwidth P1|
    +----------------------------------+----------+----+---+----+------------+------------+
    |add_ln109_fu_234_p2               |         +|   0|  0|  13|           5|           1|
    |add_ln76_fu_270_p2                |         +|   0|  0|  39|          32|           1|
    |add_ln80_fu_324_p2                |         +|   0|  0|  39|          32|           1|
    |add_ln86_fu_1451_p2               |         +|   0|  0|  39|          32|          32|
    |add_ln91_fu_296_p2                |         +|   0|  0|  39|          32|          32|
    |and_ln55_1_fu_787_p2              |       and|   0|  0|   2|           1|           1|
    |and_ln55_fu_783_p2                |       and|   0|  0|   2|           1|           1|
    |ap_block_state3_pp0_stage0_iter2  |       and|   0|  0|   2|           1|           1|
    |ap_condition_254                  |       and|   0|  0|   2|           1|           1|
    |ap_condition_256                  |       and|   0|  0|   2|           1|           1|
    |ap_condition_280                  |       and|   0|  0|   2|           1|           1|
    |ap_condition_345                  |       and|   0|  0|   2|           1|           1|
    |ap_predicate_op243_write_state3   |       and|   0|  0|   2|           1|           1|
    |icmp_ln109_fu_228_p2              |      icmp|   0|  0|  14|           5|           6|
    |icmp_ln55_1_fu_777_p2             |      icmp|   0|  0|  39|          32|           1|
    |icmp_ln55_2_fu_258_p2             |      icmp|   0|  0|  39|          32|           1|
    |icmp_ln55_3_fu_264_p2             |      icmp|   0|  0|  39|          32|           1|
    |icmp_ln55_fu_244_p2               |      icmp|   0|  0|  39|          32|           1|
    |icmp_ln65_10_fu_1464_p2           |      icmp|   0|  0|  19|          12|          12|
    |icmp_ln65_11_fu_1153_p2           |      icmp|   0|  0|  19|          12|          12|
    |icmp_ln65_12_fu_1173_p2           |      icmp|   0|  0|  19|          12|          12|
    |icmp_ln65_13_fu_1492_p2           |      icmp|   0|  0|  19|          12|          12|
    |icmp_ln65_14_fu_1193_p2           |      icmp|   0|  0|  19|          12|          12|
    |icmp_ln65_15_fu_1213_p2           |      icmp|   0|  0|  19|          12|          12|
    |icmp_ln65_16_fu_1520_p2           |      icmp|   0|  0|  19|          12|          12|
    |icmp_ln65_17_fu_1233_p2           |      icmp|   0|  0|  19|          12|          12|
    |icmp_ln65_18_fu_1253_p2           |      icmp|   0|  0|  19|          12|          12|
    |icmp_ln65_19_fu_1548_p2           |      icmp|   0|  0|  19|          12|          12|
    |icmp_ln65_20_fu_1273_p2           |      icmp|   0|  0|  19|          12|          12|
    |icmp_ln65_21_fu_1293_p2           |      icmp|   0|  0|  19|          12|          12|
    |icmp_ln65_22_fu_1576_p2           |      icmp|   0|  0|  19|          12|          12|
    |icmp_ln65_23_fu_1313_p2           |      icmp|   0|  0|  19|          12|          12|
    |icmp_ln65_24_fu_1333_p2           |      icmp|   0|  0|  19|          12|          12|
    |icmp_ln65_25_fu_1604_p2           |      icmp|   0|  0|  19|          12|          12|
    |icmp_ln65_26_fu_1353_p2           |      icmp|   0|  0|  19|          12|          12|
    |icmp_ln65_27_fu_1373_p2           |      icmp|   0|  0|  19|          12|          12|
    |icmp_ln65_28_fu_1632_p2           |      icmp|   0|  0|  19|          12|          12|
    |icmp_ln65_29_fu_1393_p2           |      icmp|   0|  0|  19|          12|          12|
    |icmp_ln65_30_fu_1413_p2           |      icmp|   0|  0|  19|          12|          12|
    |icmp_ln65_31_fu_1660_p2           |      icmp|   0|  0|  19|          12|          12|
    |icmp_ln65_9_fu_1133_p2            |      icmp|   0|  0|  19|          12|          12|
    |icmp_ln65_fu_1113_p2              |      icmp|   0|  0|  19|          12|          12|
    |icmp_ln76_fu_276_p2               |      icmp|   0|  0|  39|          32|           3|
    |icmp_ln80_fu_330_p2               |      icmp|   0|  0|  39|          32|           3|
    |icmp_ln86_fu_1437_p2              |      icmp|   0|  0|  39|          32|           1|
    |ap_block_pp0_stage0_01001         |        or|   0|  0|   2|           1|           1|
    |select_ln65_10_fu_1474_p3         |    select|   0|  0|  12|           1|          12|
    |select_ln65_11_fu_1165_p3         |    select|   0|  0|  12|           1|          12|
    |select_ln65_12_fu_1185_p3         |    select|   0|  0|  12|           1|          12|
    |select_ln65_13_fu_1502_p3         |    select|   0|  0|  12|           1|          12|
    |select_ln65_14_fu_1205_p3         |    select|   0|  0|  12|           1|          12|
    |select_ln65_15_fu_1225_p3         |    select|   0|  0|  12|           1|          12|
    |select_ln65_16_fu_1530_p3         |    select|   0|  0|  12|           1|          12|
    |select_ln65_17_fu_1245_p3         |    select|   0|  0|  12|           1|          12|
    |select_ln65_18_fu_1265_p3         |    select|   0|  0|  12|           1|          12|
    |select_ln65_19_fu_1558_p3         |    select|   0|  0|  12|           1|          12|
    |select_ln65_20_fu_1285_p3         |    select|   0|  0|  12|           1|          12|
    |select_ln65_21_fu_1305_p3         |    select|   0|  0|  12|           1|          12|
    |select_ln65_22_fu_1586_p3         |    select|   0|  0|  12|           1|          12|
    |select_ln65_23_fu_1325_p3         |    select|   0|  0|  12|           1|          12|
    |select_ln65_24_fu_1345_p3         |    select|   0|  0|  12|           1|          12|
    |select_ln65_25_fu_1614_p3         |    select|   0|  0|  12|           1|          12|
    |select_ln65_26_fu_1365_p3         |    select|   0|  0|  12|           1|          12|
    |select_ln65_27_fu_1385_p3         |    select|   0|  0|  12|           1|          12|
    |select_ln65_28_fu_1642_p3         |    select|   0|  0|  12|           1|          12|
    |select_ln65_29_fu_1405_p3         |    select|   0|  0|  12|           1|          12|
    |select_ln65_30_fu_1425_p3         |    select|   0|  0|  12|           1|          12|
    |select_ln65_31_fu_1670_p3         |    select|   0|  0|  12|           1|          12|
    |select_ln65_9_fu_1145_p3          |    select|   0|  0|  12|           1|          12|
    |select_ln65_fu_1125_p3            |    select|   0|  0|  12|           1|          12|
    |select_ln86_fu_1443_p3            |    select|   0|  0|   2|           1|           2|
    |select_ln91_fu_288_p3             |    select|   0|  0|   2|           1|           2|
    |ap_enable_pp0                     |       xor|   0|  0|   2|           1|           2|
    |xor_ln65_10_fu_1468_p2            |       xor|   0|  0|   2|           1|           2|
    |xor_ln65_11_fu_1159_p2            |       xor|   0|  0|   2|           1|           2|
    |xor_ln65_12_fu_1179_p2            |       xor|   0|  0|   2|           1|           2|
    |xor_ln65_13_fu_1496_p2            |       xor|   0|  0|   2|           1|           2|
    |xor_ln65_14_fu_1199_p2            |       xor|   0|  0|   2|           1|           2|
    |xor_ln65_15_fu_1219_p2            |       xor|   0|  0|   2|           1|           2|
    |xor_ln65_16_fu_1524_p2            |       xor|   0|  0|   2|           1|           2|
    |xor_ln65_17_fu_1239_p2            |       xor|   0|  0|   2|           1|           2|
    |xor_ln65_18_fu_1259_p2            |       xor|   0|  0|   2|           1|           2|
    |xor_ln65_19_fu_1552_p2            |       xor|   0|  0|   2|           1|           2|
    |xor_ln65_20_fu_1279_p2            |       xor|   0|  0|   2|           1|           2|
    |xor_ln65_21_fu_1299_p2            |       xor|   0|  0|   2|           1|           2|
    |xor_ln65_22_fu_1580_p2            |       xor|   0|  0|   2|           1|           2|
    |xor_ln65_23_fu_1319_p2            |       xor|   0|  0|   2|           1|           2|
    |xor_ln65_24_fu_1339_p2            |       xor|   0|  0|   2|           1|           2|
    |xor_ln65_25_fu_1608_p2            |       xor|   0|  0|   2|           1|           2|
    |xor_ln65_26_fu_1359_p2            |       xor|   0|  0|   2|           1|           2|
    |xor_ln65_27_fu_1379_p2            |       xor|   0|  0|   2|           1|           2|
    |xor_ln65_28_fu_1636_p2            |       xor|   0|  0|   2|           1|           2|
    |xor_ln65_29_fu_1399_p2            |       xor|   0|  0|   2|           1|           2|
    |xor_ln65_30_fu_1419_p2            |       xor|   0|  0|   2|           1|           2|
    |xor_ln65_31_fu_1664_p2            |       xor|   0|  0|   2|           1|           2|
    |xor_ln65_9_fu_1139_p2             |       xor|   0|  0|   2|           1|           2|
    |xor_ln65_fu_1119_p2               |       xor|   0|  0|   2|           1|           2|
    +----------------------------------+----------+----+---+----+------------+------------+
    |Total                             |          |   0|  0|1272|         710|         723|
    +----------------------------------+----------+----+---+----+------------+------------+

    * Multiplexer: 
    +-----------------------------------------+----+-----------+-----+-----------+
    |                   Name                  | LUT| Input Size| Bits| Total Bits|
    +-----------------------------------------+----+-----------+-----+-----------+
    |ap_done_int                              |   9|          2|    1|          2|
    |ap_enable_reg_pp0_iter1                  |   9|          2|    1|          2|
    |ap_phi_mux_storemerge_phi_fu_213_p4      |   9|          2|   32|         64|
    |ap_phi_reg_pp0_iter1_storemerge_reg_209  |   9|          2|   32|         64|
    |ap_sig_allocacmp_indvar_flatten_load     |   9|          2|    5|         10|
    |indvar_flatten_fu_192                    |   9|          2|    5|         10|
    |layer6_out_blk_n                         |   9|          2|    1|          2|
    |layer7_out_blk_n                         |   9|          2|    1|          2|
    |pX                                       |   9|          2|   32|         64|
    |pY                                       |   9|          2|   32|         64|
    |sX                                       |   9|          2|   32|         64|
    +-----------------------------------------+----+-----------+-----+-----------+
    |Total                                    |  99|         22|  174|        348|
    +-----------------------------------------+----+-----------+-----+-----------+

    * Register: 
    +--------------------------------------------------------------------------------------+----+----+-----+-----------+
    |                                         Name                                         | FF | LUT| Bits| Const Bits|
    +--------------------------------------------------------------------------------------+----+----+-----+-----------+
    |and_ln55_1_reg_1736                                                                   |   1|   0|    1|          0|
    |ap_CS_fsm                                                                             |   1|   0|    1|          0|
    |ap_done_reg                                                                           |   1|   0|    1|          0|
    |ap_enable_reg_pp0_iter1                                                               |   1|   0|    1|          0|
    |ap_enable_reg_pp0_iter2                                                               |   1|   0|    1|          0|
    |ap_loop_exit_ready_pp0_iter1_reg                                                      |   1|   0|    1|          0|
    |ap_phi_reg_pp0_iter1_storemerge_reg_209                                               |  32|   0|   32|          0|
    |icmp_ln109_reg_1710                                                                   |   1|   0|    1|          0|
    |icmp_ln55_2_reg_1718                                                                  |   1|   0|    1|          0|
    |icmp_ln55_3_reg_1723                                                                  |   1|   0|    1|          0|
    |icmp_ln55_reg_1714                                                                    |   1|   0|    1|          0|
    |icmp_ln55_reg_1714_pp0_iter1_reg                                                      |   1|   0|    1|          0|
    |icmp_ln76_reg_1728                                                                    |   1|   0|    1|          0|
    |icmp_ln80_reg_1732                                                                    |   1|   0|    1|          0|
    |indvar_flatten_fu_192                                                                 |   5|   0|    5|          0|
    |pX                                                                                    |  32|   0|   32|          0|
    |pY                                                                                    |  32|   0|   32|          0|
    |p_ZZN4nnet22compute_pool_buffer_2dINS_5arrayI8ap_fixedILi16ELi6EL9ap_q_mode5EL9ap     |  14|   0|   14|          0|
    |p_ZZN4nnet22compute_pool_buffer_2dINS_5arrayI8ap_fixedILi16ELi6EL9ap_q_mode5EL9ap_1   |  14|   0|   14|          0|
    |p_ZZN4nnet22compute_pool_buffer_2dINS_5arrayI8ap_fixedILi16ELi6EL9ap_q_mode5EL9ap_10  |  14|   0|   14|          0|
    |p_ZZN4nnet22compute_pool_buffer_2dINS_5arrayI8ap_fixedILi16ELi6EL9ap_q_mode5EL9ap_11  |  14|   0|   14|          0|
    |p_ZZN4nnet22compute_pool_buffer_2dINS_5arrayI8ap_fixedILi16ELi6EL9ap_q_mode5EL9ap_12  |  14|   0|   14|          0|
    |p_ZZN4nnet22compute_pool_buffer_2dINS_5arrayI8ap_fixedILi16ELi6EL9ap_q_mode5EL9ap_13  |  14|   0|   14|          0|
    |p_ZZN4nnet22compute_pool_buffer_2dINS_5arrayI8ap_fixedILi16ELi6EL9ap_q_mode5EL9ap_2   |  14|   0|   14|          0|
    |p_ZZN4nnet22compute_pool_buffer_2dINS_5arrayI8ap_fixedILi16ELi6EL9ap_q_mode5EL9ap_3   |  14|   0|   14|          0|
    |p_ZZN4nnet22compute_pool_buffer_2dINS_5arrayI8ap_fixedILi16ELi6EL9ap_q_mode5EL9ap_4   |  14|   0|   14|          0|
    |p_ZZN4nnet22compute_pool_buffer_2dINS_5arrayI8ap_fixedILi16ELi6EL9ap_q_mode5EL9ap_5   |  14|   0|   14|          0|
    |p_ZZN4nnet22compute_pool_buffer_2dINS_5arrayI8ap_fixedILi16ELi6EL9ap_q_mode5EL9ap_6   |  14|   0|   14|          0|
    |p_ZZN4nnet22compute_pool_buffer_2dINS_5arrayI8ap_fixedILi16ELi6EL9ap_q_mode5EL9ap_7   |  14|   0|   14|          0|
    |p_ZZN4nnet22compute_pool_buffer_2dINS_5arrayI8ap_fixedILi16ELi6EL9ap_q_mode5EL9ap_8   |  14|   0|   14|          0|
    |p_ZZN4nnet22compute_pool_buffer_2dINS_5arrayI8ap_fixedILi16ELi6EL9ap_q_mode5EL9ap_9   |  14|   0|   14|          0|
    |sX                                                                                    |  32|   0|   32|          0|
    |sY                                                                                    |  32|   0|   32|          0|
    |select_ln65_11_reg_1752                                                               |  12|   0|   12|          0|
    |select_ln65_12_reg_1758                                                               |  12|   0|   12|          0|
    |select_ln65_14_reg_1764                                                               |  12|   0|   12|          0|
    |select_ln65_15_reg_1770                                                               |  12|   0|   12|          0|
    |select_ln65_17_reg_1776                                                               |  12|   0|   12|          0|
    |select_ln65_18_reg_1782                                                               |  12|   0|   12|          0|
    |select_ln65_20_reg_1788                                                               |  12|   0|   12|          0|
    |select_ln65_21_reg_1794                                                               |  12|   0|   12|          0|
    |select_ln65_23_reg_1800                                                               |  12|   0|   12|          0|
    |select_ln65_24_reg_1806                                                               |  12|   0|   12|          0|
    |select_ln65_26_reg_1812                                                               |  12|   0|   12|          0|
    |select_ln65_27_reg_1818                                                               |  12|   0|   12|          0|
    |select_ln65_29_reg_1824                                                               |  12|   0|   12|          0|
    |select_ln65_30_reg_1830                                                               |  12|   0|   12|          0|
    |select_ln65_9_reg_1746                                                                |  12|   0|   12|          0|
    |select_ln65_reg_1740                                                                  |  12|   0|   12|          0|
    |void_compute_pool_buffer_2d_array_const_ap_shift_reg_n_filt_stream_kernel             |  14|   0|   14|          0|
    |void_compute_pool_buffer_2d_array_const_ap_shift_reg_n_filt_stream_kernel_1           |  14|   0|   14|          0|
    +--------------------------------------------------------------------------------------+----+----+-----+-----------+
    |Total                                                                                 | 594|   0|  594|          0|
    +--------------------------------------------------------------------------------------+----+----+-----+-----------+



================================================================
== Interface
================================================================
* Summary: 
+--------------------+-----+-----+------------+-------------------------------------------------------------------------+--------------+
|      RTL Ports     | Dir | Bits|  Protocol  |                              Source Object                              |    C Type    |
+--------------------+-----+-----+------------+-------------------------------------------------------------------------+--------------+
|ap_clk              |   in|    1|  ap_ctrl_hs|  pooling2d_cl<array<ap_fixed,8u>,array<ap_fixed<16,6,5,3,0>,8u>,config7>|  return value|
|ap_rst              |   in|    1|  ap_ctrl_hs|  pooling2d_cl<array<ap_fixed,8u>,array<ap_fixed<16,6,5,3,0>,8u>,config7>|  return value|
|ap_start            |   in|    1|  ap_ctrl_hs|  pooling2d_cl<array<ap_fixed,8u>,array<ap_fixed<16,6,5,3,0>,8u>,config7>|  return value|
|ap_done             |  out|    1|  ap_ctrl_hs|  pooling2d_cl<array<ap_fixed,8u>,array<ap_fixed<16,6,5,3,0>,8u>,config7>|  return value|
|ap_idle             |  out|    1|  ap_ctrl_hs|  pooling2d_cl<array<ap_fixed,8u>,array<ap_fixed<16,6,5,3,0>,8u>,config7>|  return value|
|ap_ready            |  out|    1|  ap_ctrl_hs|  pooling2d_cl<array<ap_fixed,8u>,array<ap_fixed<16,6,5,3,0>,8u>,config7>|  return value|
|layer6_out_dout     |   in|  128|     ap_fifo|                                                               layer6_out|       pointer|
|layer6_out_empty_n  |   in|    1|     ap_fifo|                                                               layer6_out|       pointer|
|layer6_out_read     |  out|    1|     ap_fifo|                                                               layer6_out|       pointer|
|layer7_out_din      |  out|  128|     ap_fifo|                                                               layer7_out|       pointer|
|layer7_out_full_n   |   in|    1|     ap_fifo|                                                               layer7_out|       pointer|
|layer7_out_write    |  out|    1|     ap_fifo|                                                               layer7_out|       pointer|
+--------------------+-----+-----+------------+-------------------------------------------------------------------------+--------------+

